<?xml version="1.0" encoding="UTF-8"?>
<testng-results ignored="0" total="2" passed="2" failed="0" skipped="0">
  <reporter-output>
  </reporter-output>
  <suite started-at="2023-10-06T01:32:39 IST" name="Suite" finished-at="2023-10-06T01:34:16 IST" duration-ms="96784">
    <groups>
    </groups>
    <test started-at="2023-10-06T01:32:39 IST" name="Test" finished-at="2023-10-06T01:34:16 IST" duration-ms="96784">
      <class name="OHRM.Case_2">
        <test-method is-config="true" signature="BrowserLaunch()[pri:0, instance:OHRM.Case_2@291f18]" started-at="2023-10-06T01:32:39 IST" name="BrowserLaunch" finished-at="2023-10-06T01:33:10 IST" duration-ms="31193" status="PASS">
          <reporter-output>
          </reporter-output>
        </test-method> <!-- BrowserLaunch -->
        <test-method signature="LoginWithValidCredentials()[pri:0, instance:OHRM.Case_2@291f18]" started-at="2023-10-06T01:33:10 IST" name="LoginWithValidCredentials" finished-at="2023-10-06T01:33:18 IST" duration-ms="7772" status="PASS">
          <reporter-output>
          </reporter-output>
        </test-method> <!-- LoginWithValidCredentials -->
        <test-method is-config="true" signature="BrowserTeardown()[pri:0, instance:OHRM.Case_2@291f18]" started-at="2023-10-06T01:33:18 IST" name="BrowserTeardown" finished-at="2023-10-06T01:33:18 IST" duration-ms="400" status="PASS">
          <reporter-output>
          </reporter-output>
        </test-method> <!-- BrowserTeardown -->
        <test-method is-config="true" signature="BrowserLaunch()[pri:0, instance:OHRM.Case_2@291f18]" started-at="2023-10-06T01:33:18 IST" name="BrowserLaunch" finished-at="2023-10-06T01:34:09 IST" duration-ms="50409" status="PASS">
          <reporter-output>
          </reporter-output>
        </test-method> <!-- BrowserLaunch -->
        <test-method signature="LoginWithINValidCredentials()[pri:1, instance:OHRM.Case_2@291f18]" started-at="2023-10-06T01:34:09 IST" name="LoginWithINValidCredentials" finished-at="2023-10-06T01:34:15 IST" duration-ms="6460" status="PASS">
          <reporter-output>
          </reporter-output>
        </test-method> <!-- LoginWithINValidCredentials -->
        <test-method is-config="true" signature="BrowserTeardown()[pri:0, instance:OHRM.Case_2@291f18]" started-at="2023-10-06T01:34:15 IST" name="BrowserTeardown" finished-at="2023-10-06T01:34:16 IST" duration-ms="339" status="PASS">
          <reporter-output>
          </reporter-output>
        </test-method> <!-- BrowserTeardown -->
      </class> <!-- OHRM.Case_2 -->
    </test> <!-- Test -->
  </suite> <!-- Suite -->
</testng-results>
